2021-05-28 00:14:34,580 INFO org.springframework.context.support.PostProcessorRegistrationDelegate$BeanPostProcessorChecker [main] Bean 'org.springframework.cloud.autoconfigure.ConfigurationPropertiesRebinderAutoConfiguration' of type [org.springframework.cloud.autoconfigure.ConfigurationPropertiesRebinderAutoConfiguration$$EnhancerBySpringCGLIB$$b32b46ab] is not eligible for getting processed by all BeanPostProcessors (for example: not eligible for auto-proxying)
2021-05-28 00:14:34,808 INFO org.springframework.boot.SpringApplication [main] The following profiles are active: dev
2021-05-28 00:14:35,495 WARN org.springframework.boot.actuate.endpoint.EndpointId [main] Endpoint ID 'service-registry' contains invalid characters, please migrate to a valid format.
2021-05-28 00:14:35,690 INFO org.springframework.cloud.context.scope.GenericScope [main] BeanFactory id=b74c1485-ffcc-35f3-8553-690eb7b52961
2021-05-28 00:14:35,780 INFO org.springframework.context.support.PostProcessorRegistrationDelegate$BeanPostProcessorChecker [main] Bean 'org.springframework.transaction.annotation.ProxyTransactionManagementConfiguration' of type [org.springframework.transaction.annotation.ProxyTransactionManagementConfiguration$$EnhancerBySpringCGLIB$$971143ae] is not eligible for getting processed by all BeanPostProcessors (for example: not eligible for auto-proxying)
2021-05-28 00:14:35,810 INFO org.springframework.context.support.PostProcessorRegistrationDelegate$BeanPostProcessorChecker [main] Bean 'org.springframework.security.config.annotation.configuration.ObjectPostProcessorConfiguration' of type [org.springframework.security.config.annotation.configuration.ObjectPostProcessorConfiguration$$EnhancerBySpringCGLIB$$2fbf0be8] is not eligible for getting processed by all BeanPostProcessors (for example: not eligible for auto-proxying)
2021-05-28 00:14:35,816 INFO org.springframework.context.support.PostProcessorRegistrationDelegate$BeanPostProcessorChecker [main] Bean 'objectPostProcessor' of type [org.springframework.security.config.annotation.configuration.AutowireBeanFactoryObjectPostProcessor] is not eligible for getting processed by all BeanPostProcessors (for example: not eligible for auto-proxying)
2021-05-28 00:14:35,818 INFO org.springframework.context.support.PostProcessorRegistrationDelegate$BeanPostProcessorChecker [main] Bean 'org.springframework.security.access.expression.method.DefaultMethodSecurityExpressionHandler@606f81b5' of type [org.springframework.security.oauth2.provider.expression.OAuth2MethodSecurityExpressionHandler] is not eligible for getting processed by all BeanPostProcessors (for example: not eligible for auto-proxying)
2021-05-28 00:14:35,820 INFO org.springframework.context.support.PostProcessorRegistrationDelegate$BeanPostProcessorChecker [main] Bean 'org.springframework.security.config.annotation.method.configuration.GlobalMethodSecurityConfiguration' of type [org.springframework.security.config.annotation.method.configuration.GlobalMethodSecurityConfiguration$$EnhancerBySpringCGLIB$$5493ae9a] is not eligible for getting processed by all BeanPostProcessors (for example: not eligible for auto-proxying)
2021-05-28 00:14:35,824 INFO org.springframework.context.support.PostProcessorRegistrationDelegate$BeanPostProcessorChecker [main] Bean 'methodSecurityMetadataSource' of type [org.springframework.security.access.method.DelegatingMethodSecurityMetadataSource] is not eligible for getting processed by all BeanPostProcessors (for example: not eligible for auto-proxying)
2021-05-28 00:14:35,834 INFO org.springframework.context.support.PostProcessorRegistrationDelegate$BeanPostProcessorChecker [main] Bean 'org.springframework.cloud.autoconfigure.ConfigurationPropertiesRebinderAutoConfiguration' of type [org.springframework.cloud.autoconfigure.ConfigurationPropertiesRebinderAutoConfiguration$$EnhancerBySpringCGLIB$$b32b46ab] is not eligible for getting processed by all BeanPostProcessors (for example: not eligible for auto-proxying)
2021-05-28 00:14:36,183 INFO org.springframework.boot.web.embedded.tomcat.TomcatWebServer [main] Tomcat initialized with port(s): 8085 (http)
2021-05-28 00:14:36,196 INFO org.apache.juli.logging.DirectJDKLog [main] Initializing ProtocolHandler ["http-nio-8085"]
2021-05-28 00:14:36,203 INFO org.apache.juli.logging.DirectJDKLog [main] Starting service [Tomcat]
2021-05-28 00:14:36,203 INFO org.apache.juli.logging.DirectJDKLog [main] Starting Servlet engine: [Apache Tomcat/9.0.27]
2021-05-28 00:14:36,334 INFO org.apache.juli.logging.DirectJDKLog [main] Initializing Spring embedded WebApplicationContext
2021-05-28 00:14:36,334 INFO org.springframework.boot.web.servlet.context.ServletWebServerApplicationContext [main] Root WebApplicationContext: initialization completed in 1510 ms
2021-05-28 00:14:36,425 INFO com.netflix.config.sources.URLConfigurationSource [main] URLs to be used as dynamic configuration source: [jar:file:/C:/Users/bruno/Desktop/Projetos/TCC/app-services/compras/compra-shared/build/libs/compra-shared-1.0-SNAPSHOT.jar!/config.properties]
2021-05-28 00:14:36,445 INFO com.netflix.config.DynamicPropertyFactory [main] DynamicPropertyFactory is initialized with configuration sources: com.netflix.config.ConcurrentCompositeConfiguration@467233e4
2021-05-28 00:14:37,520 INFO org.springframework.boot.autoconfigure.security.servlet.UserDetailsServiceAutoConfiguration [main] 

Using generated security password: e0f63f3e-c544-4b54-85ea-a7f28f61ef69

2021-05-28 00:14:37,824 INFO org.springframework.boot.actuate.endpoint.web.EndpointLinksResolver [main] Exposing 2 endpoint(s) beneath base path '/actuator'
2021-05-28 00:14:37,839 INFO org.springframework.security.web.DefaultSecurityFilterChain [main] Creating filter chain: Mvc [pattern='/produto/**'], []
2021-05-28 00:14:37,840 INFO org.springframework.security.web.DefaultSecurityFilterChain [main] Creating filter chain: Mvc [pattern='/feira/**'], []
2021-05-28 00:14:37,840 INFO org.springframework.security.web.DefaultSecurityFilterChain [main] Creating filter chain: Mvc [pattern='/carrinho/**'], []
2021-05-28 00:14:37,857 INFO org.springframework.security.web.DefaultSecurityFilterChain [main] Creating filter chain: OrRequestMatcher [requestMatchers=[Ant [pattern='/**']]], [org.springframework.security.web.context.request.async.WebAsyncManagerIntegrationFilter@5dfd31f4, org.springframework.security.web.context.SecurityContextPersistenceFilter@7b1a30e5, org.springframework.security.web.header.HeaderWriterFilter@658e7ead, org.springframework.security.web.authentication.logout.LogoutFilter@2fca3eb5, org.springframework.security.oauth2.provider.authentication.OAuth2AuthenticationProcessingFilter@3302035b, org.springframework.security.web.savedrequest.RequestCacheAwareFilter@34fcd292, org.springframework.security.web.servletapi.SecurityContextHolderAwareRequestFilter@2b2a4332, org.springframework.security.web.authentication.AnonymousAuthenticationFilter@36463b09, org.springframework.security.web.session.SessionManagementFilter@762bf32d, org.springframework.security.web.access.ExceptionTranslationFilter@26bb92e2, org.springframework.security.web.access.intercept.FilterSecurityInterceptor@38089dae]
2021-05-28 00:14:37,867 INFO org.springframework.security.web.DefaultSecurityFilterChain [main] Creating filter chain: any request, [org.springframework.security.web.context.request.async.WebAsyncManagerIntegrationFilter@6c96403e, org.springframework.security.web.context.SecurityContextPersistenceFilter@64910b2d, org.springframework.security.web.header.HeaderWriterFilter@27bb4dc5, org.springframework.security.web.csrf.CsrfFilter@2a0963be, org.springframework.security.web.authentication.logout.LogoutFilter@b428830, org.springframework.security.web.authentication.UsernamePasswordAuthenticationFilter@1934339, org.springframework.security.web.authentication.ui.DefaultLoginPageGeneratingFilter@5f61e002, org.springframework.security.web.authentication.ui.DefaultLogoutPageGeneratingFilter@7babed9e, org.springframework.security.web.authentication.www.BasicAuthenticationFilter@2a1e57c6, org.springframework.security.web.savedrequest.RequestCacheAwareFilter@1247c72e, org.springframework.security.web.servletapi.SecurityContextHolderAwareRequestFilter@6fef75c6, org.springframework.security.web.authentication.AnonymousAuthenticationFilter@2353354a, org.springframework.security.web.session.SessionManagementFilter@464ede1f, org.springframework.security.web.access.ExceptionTranslationFilter@49e7e8f1, org.springframework.security.web.access.intercept.FilterSecurityInterceptor@2fac80a8]
2021-05-28 00:14:37,877 INFO com.netflix.config.sources.URLConfigurationSource [main] URLs to be used as dynamic configuration source: [jar:file:/C:/Users/bruno/Desktop/Projetos/TCC/app-services/compras/compra-shared/build/libs/compra-shared-1.0-SNAPSHOT.jar!/config.properties]
2021-05-28 00:14:37,971 INFO org.springframework.scheduling.concurrent.ExecutorConfigurationSupport [main] Initializing ExecutorService 'applicationTaskExecutor'
2021-05-28 00:14:38,470 INFO org.springframework.cloud.netflix.eureka.InstanceInfoFactory [main] Setting initial instance status as: STARTING
2021-05-28 00:14:38,505 INFO com.netflix.discovery.DiscoveryClient [main] Initializing Eureka in region us-east-1
2021-05-28 00:14:38,554 INFO com.netflix.discovery.provider.DiscoveryJerseyProvider [main] Using JSON encoding codec LegacyJacksonJson
2021-05-28 00:14:38,554 INFO com.netflix.discovery.provider.DiscoveryJerseyProvider [main] Using JSON decoding codec LegacyJacksonJson
2021-05-28 00:14:38,658 INFO com.netflix.discovery.provider.DiscoveryJerseyProvider [main] Using XML encoding codec XStreamXml
2021-05-28 00:14:38,658 INFO com.netflix.discovery.provider.DiscoveryJerseyProvider [main] Using XML decoding codec XStreamXml
2021-05-28 00:14:38,788 INFO com.netflix.discovery.shared.resolver.aws.ConfigClusterResolver [main] Resolving eureka endpoints via configuration
2021-05-28 00:14:38,861 INFO com.netflix.discovery.DiscoveryClient [main] Disable delta property : false
2021-05-28 00:14:38,862 INFO com.netflix.discovery.DiscoveryClient [main] Single vip registry refresh property : null
2021-05-28 00:14:38,862 INFO com.netflix.discovery.DiscoveryClient [main] Force full registry fetch : false
2021-05-28 00:14:38,862 INFO com.netflix.discovery.DiscoveryClient [main] Application is null : false
2021-05-28 00:14:38,862 INFO com.netflix.discovery.DiscoveryClient [main] Registered Applications size is zero : true
2021-05-28 00:14:38,862 INFO com.netflix.discovery.DiscoveryClient [main] Application version is -1: true
2021-05-28 00:14:38,862 INFO com.netflix.discovery.DiscoveryClient [main] Getting all instance registry info from the eureka server
2021-05-28 00:14:39,104 INFO com.netflix.discovery.DiscoveryClient [main] The response status is 200
2021-05-28 00:14:39,106 INFO com.netflix.discovery.DiscoveryClient [main] Starting heartbeat executor: renew interval is: 2
2021-05-28 00:14:39,107 INFO com.netflix.discovery.InstanceInfoReplicator [main] InstanceInfoReplicator onDemand update allowed rate per min is 4
2021-05-28 00:14:39,110 INFO com.netflix.discovery.DiscoveryClient [main] Discovery Client initialized at timestamp 1622171679109 with initial instances count: 2
2021-05-28 00:14:39,114 INFO org.springframework.cloud.netflix.eureka.serviceregistry.EurekaServiceRegistry [main] Registering application COMPRAS-SERVICE with eureka with status UP
2021-05-28 00:14:39,115 INFO com.netflix.discovery.DiscoveryClient$3 [main] Saw local status change event StatusChangeEvent [timestamp=1622171679115, current=UP, previous=STARTING]
2021-05-28 00:14:39,117 INFO com.netflix.discovery.DiscoveryClient [DiscoveryClient-InstanceInfoReplicator-0] DiscoveryClient_COMPRAS-SERVICE/host.docker.internal:compras-service:8085: registering service...
2021-05-28 00:14:39,133 INFO org.apache.juli.logging.DirectJDKLog [main] Starting ProtocolHandler ["http-nio-8085"]
2021-05-28 00:14:39,150 INFO com.netflix.discovery.DiscoveryClient [DiscoveryClient-InstanceInfoReplicator-0] DiscoveryClient_COMPRAS-SERVICE/host.docker.internal:compras-service:8085 - registration status: 204
2021-05-28 00:14:39,153 INFO org.springframework.boot.web.embedded.tomcat.TomcatWebServer [main] Tomcat started on port(s): 8085 (http) with context path ''
2021-05-28 00:14:39,154 INFO org.springframework.cloud.netflix.eureka.serviceregistry.EurekaAutoServiceRegistration [main] Updating port to 8085
2021-05-28 00:14:39,243 INFO org.springframework.boot.StartupInfoLogger [main] Started ComprasApplication in 5.366 seconds (JVM running for 5.76)
2021-05-28 00:15:53,922 INFO org.apache.juli.logging.DirectJDKLog [http-nio-8085-exec-1] Initializing Spring DispatcherServlet 'dispatcherServlet'
2021-05-28 00:15:53,923 INFO org.springframework.web.servlet.FrameworkServlet [http-nio-8085-exec-1] Initializing Servlet 'dispatcherServlet'
2021-05-28 00:15:53,930 INFO org.springframework.web.servlet.FrameworkServlet [http-nio-8085-exec-1] Completed initialization in 7 ms
2021-05-28 00:15:53,959 INFO br.com.ifeira.compra.boundary.FeiraBoundary [http-nio-8085-exec-1] Listando feiras...
2021-05-28 00:15:53,963 INFO com.zaxxer.hikari.HikariDataSource [http-nio-8085-exec-1] HikariPool-1 - Starting...
2021-05-28 00:15:54,221 INFO com.zaxxer.hikari.HikariDataSource [http-nio-8085-exec-1] HikariPool-1 - Start completed.
2021-05-28 00:16:07,333 INFO com.netflix.config.ChainedDynamicProperty$ChainLink [http-nio-8085-exec-2] Flipping property: auth-service.ribbon.ActiveConnectionsLimit to use NEXT property: niws.loadbalancer.availabilityFilteringRule.activeConnectionsLimit = 2147483647
2021-05-28 00:16:07,361 INFO com.netflix.util.concurrent.ShutdownEnabledTimer [http-nio-8085-exec-2] Shutdown hook installed for: NFLoadBalancer-PingTimer-auth-service
2021-05-28 00:16:07,361 INFO com.netflix.loadbalancer.BaseLoadBalancer [http-nio-8085-exec-2] Client: auth-service instantiated a LoadBalancer: DynamicServerListLoadBalancer:{NFLoadBalancer:name=auth-service,current list of Servers=[],Load balancer stats=Zone stats: {},Server stats: []}ServerList:null
2021-05-28 00:16:07,366 INFO com.netflix.loadbalancer.DynamicServerListLoadBalancer [http-nio-8085-exec-2] Using serverListUpdater PollingServerListUpdater
2021-05-28 00:16:07,386 INFO com.netflix.config.ChainedDynamicProperty$ChainLink [http-nio-8085-exec-2] Flipping property: auth-service.ribbon.ActiveConnectionsLimit to use NEXT property: niws.loadbalancer.availabilityFilteringRule.activeConnectionsLimit = 2147483647
2021-05-28 00:16:07,388 INFO com.netflix.loadbalancer.DynamicServerListLoadBalancer [http-nio-8085-exec-2] DynamicServerListLoadBalancer for client auth-service initialized: DynamicServerListLoadBalancer:{NFLoadBalancer:name=auth-service,current list of Servers=[192.168.0.113:auth-service:9092],Load balancer stats=Zone stats: {defaultzone=[Zone:defaultzone;	Instance count:1;	Active connections count: 0;	Circuit breaker tripped count: 0;	Active connections per server: 0.0;]
},Server stats: [[Server:192.168.0.113:auth-service:9092;	Zone:defaultZone;	Total Requests:0;	Successive connection failure:0;	Total blackout seconds:0;	Last connection made:Wed Dec 31 21:00:00 BRT 1969;	First connection made: Wed Dec 31 21:00:00 BRT 1969;	Active Connections:0;	total failure count in last (1000) msecs:0;	average resp time:0.0;	90 percentile resp time:0.0;	95 percentile resp time:0.0;	min resp time:0.0;	max resp time:0.0;	stddev resp time:0.0]
]}ServerList:org.springframework.cloud.netflix.ribbon.eureka.DomainExtractingServerList@46f0784a
2021-05-28 00:16:07,493 INFO br.com.ifeira.compra.boundary.PedidoBoundary [http-nio-8085-exec-2] Listando pedidos de: brunofc11@gmail.com
2021-05-28 00:16:08,383 INFO com.netflix.config.ChainedDynamicProperty$ChainLink [PollingServerListUpdater-0] Flipping property: auth-service.ribbon.ActiveConnectionsLimit to use NEXT property: niws.loadbalancer.availabilityFilteringRule.activeConnectionsLimit = 2147483647
2021-05-28 00:16:11,210 INFO br.com.ifeira.compra.boundary.PedidoBoundary [http-nio-8085-exec-3] Recebendo pedido de usuário: brunofc11@gmail.com
