2021-05-24 23:01:34,062 INFO org.springframework.context.support.PostProcessorRegistrationDelegate$BeanPostProcessorChecker [main] Bean 'org.springframework.cloud.autoconfigure.ConfigurationPropertiesRebinderAutoConfiguration' of type [org.springframework.cloud.autoconfigure.ConfigurationPropertiesRebinderAutoConfiguration$$EnhancerBySpringCGLIB$$c65790d0] is not eligible for getting processed by all BeanPostProcessors (for example: not eligible for auto-proxying)
2021-05-24 23:01:34,283 INFO org.springframework.boot.SpringApplication [main] No active profile set, falling back to default profiles: default
2021-05-24 23:01:34,956 WARN org.springframework.boot.actuate.endpoint.EndpointId [main] Endpoint ID 'service-registry' contains invalid characters, please migrate to a valid format.
2021-05-24 23:01:35,135 INFO org.springframework.cloud.context.scope.GenericScope [main] BeanFactory id=b74c1485-ffcc-35f3-8553-690eb7b52961
2021-05-24 23:01:35,219 INFO org.springframework.context.support.PostProcessorRegistrationDelegate$BeanPostProcessorChecker [main] Bean 'org.springframework.transaction.annotation.ProxyTransactionManagementConfiguration' of type [org.springframework.transaction.annotation.ProxyTransactionManagementConfiguration$$EnhancerBySpringCGLIB$$aa3d8dd3] is not eligible for getting processed by all BeanPostProcessors (for example: not eligible for auto-proxying)
2021-05-24 23:01:35,250 INFO org.springframework.context.support.PostProcessorRegistrationDelegate$BeanPostProcessorChecker [main] Bean 'org.springframework.security.config.annotation.configuration.ObjectPostProcessorConfiguration' of type [org.springframework.security.config.annotation.configuration.ObjectPostProcessorConfiguration$$EnhancerBySpringCGLIB$$42eb560d] is not eligible for getting processed by all BeanPostProcessors (for example: not eligible for auto-proxying)
2021-05-24 23:01:35,257 INFO org.springframework.context.support.PostProcessorRegistrationDelegate$BeanPostProcessorChecker [main] Bean 'objectPostProcessor' of type [org.springframework.security.config.annotation.configuration.AutowireBeanFactoryObjectPostProcessor] is not eligible for getting processed by all BeanPostProcessors (for example: not eligible for auto-proxying)
2021-05-24 23:01:35,259 INFO org.springframework.context.support.PostProcessorRegistrationDelegate$BeanPostProcessorChecker [main] Bean 'org.springframework.security.access.expression.method.DefaultMethodSecurityExpressionHandler@5a8ab2' of type [org.springframework.security.oauth2.provider.expression.OAuth2MethodSecurityExpressionHandler] is not eligible for getting processed by all BeanPostProcessors (for example: not eligible for auto-proxying)
2021-05-24 23:01:35,261 INFO org.springframework.context.support.PostProcessorRegistrationDelegate$BeanPostProcessorChecker [main] Bean 'org.springframework.security.config.annotation.method.configuration.GlobalMethodSecurityConfiguration' of type [org.springframework.security.config.annotation.method.configuration.GlobalMethodSecurityConfiguration$$EnhancerBySpringCGLIB$$67bff8bf] is not eligible for getting processed by all BeanPostProcessors (for example: not eligible for auto-proxying)
2021-05-24 23:01:35,264 INFO org.springframework.context.support.PostProcessorRegistrationDelegate$BeanPostProcessorChecker [main] Bean 'methodSecurityMetadataSource' of type [org.springframework.security.access.method.DelegatingMethodSecurityMetadataSource] is not eligible for getting processed by all BeanPostProcessors (for example: not eligible for auto-proxying)
2021-05-24 23:01:35,274 INFO org.springframework.context.support.PostProcessorRegistrationDelegate$BeanPostProcessorChecker [main] Bean 'org.springframework.cloud.autoconfigure.ConfigurationPropertiesRebinderAutoConfiguration' of type [org.springframework.cloud.autoconfigure.ConfigurationPropertiesRebinderAutoConfiguration$$EnhancerBySpringCGLIB$$c65790d0] is not eligible for getting processed by all BeanPostProcessors (for example: not eligible for auto-proxying)
2021-05-24 23:01:35,644 INFO org.springframework.boot.web.embedded.tomcat.TomcatWebServer [main] Tomcat initialized with port(s): 8085 (http)
2021-05-24 23:01:35,657 INFO org.apache.juli.logging.DirectJDKLog [main] Initializing ProtocolHandler ["http-nio-8085"]
2021-05-24 23:01:35,665 INFO org.apache.juli.logging.DirectJDKLog [main] Starting service [Tomcat]
2021-05-24 23:01:35,666 INFO org.apache.juli.logging.DirectJDKLog [main] Starting Servlet engine: [Apache Tomcat/9.0.27]
2021-05-24 23:01:35,790 INFO org.apache.juli.logging.DirectJDKLog [main] Initializing Spring embedded WebApplicationContext
2021-05-24 23:01:35,791 INFO org.springframework.boot.web.servlet.context.ServletWebServerApplicationContext [main] Root WebApplicationContext: initialization completed in 1484 ms
2021-05-24 23:01:35,879 INFO com.netflix.config.sources.URLConfigurationSource [main] URLs to be used as dynamic configuration source: [jar:file:/C:/Users/bruno/Desktop/Projetos/TCC/app-services/compras/compra-shared/build/libs/compra-shared-1.0-SNAPSHOT.jar!/config.properties]
2021-05-24 23:01:35,895 INFO com.netflix.config.DynamicPropertyFactory [main] DynamicPropertyFactory is initialized with configuration sources: com.netflix.config.ConcurrentCompositeConfiguration@13c8ac77
2021-05-24 23:01:37,013 INFO org.springframework.boot.autoconfigure.security.servlet.UserDetailsServiceAutoConfiguration [main] 

Using generated security password: 444d9793-2757-4a47-88f1-c75c5b06dcd5

2021-05-24 23:01:37,285 INFO org.springframework.boot.actuate.endpoint.web.EndpointLinksResolver [main] Exposing 2 endpoint(s) beneath base path '/actuator'
2021-05-24 23:01:37,299 INFO org.springframework.security.web.DefaultSecurityFilterChain [main] Creating filter chain: Mvc [pattern='/produto/**'], []
2021-05-24 23:01:37,300 INFO org.springframework.security.web.DefaultSecurityFilterChain [main] Creating filter chain: Mvc [pattern='/feira/**'], []
2021-05-24 23:01:37,300 INFO org.springframework.security.web.DefaultSecurityFilterChain [main] Creating filter chain: Mvc [pattern='/carrinho/**'], []
2021-05-24 23:01:37,320 INFO org.springframework.security.web.DefaultSecurityFilterChain [main] Creating filter chain: OrRequestMatcher [requestMatchers=[Ant [pattern='/**']]], [org.springframework.security.web.context.request.async.WebAsyncManagerIntegrationFilter@40c76f5a, org.springframework.security.web.context.SecurityContextPersistenceFilter@18c7f6b5, org.springframework.security.web.header.HeaderWriterFilter@1c68d0db, org.springframework.security.web.authentication.logout.LogoutFilter@7c91fe86, org.springframework.security.oauth2.provider.authentication.OAuth2AuthenticationProcessingFilter@4fbaa7f5, org.springframework.security.web.savedrequest.RequestCacheAwareFilter@3af36922, org.springframework.security.web.servletapi.SecurityContextHolderAwareRequestFilter@4ce267cc, org.springframework.security.web.authentication.AnonymousAuthenticationFilter@a323a5b, org.springframework.security.web.session.SessionManagementFilter@91a2543, org.springframework.security.web.access.ExceptionTranslationFilter@4438938e, org.springframework.security.web.access.intercept.FilterSecurityInterceptor@6b9697ae]
2021-05-24 23:01:37,332 INFO org.springframework.security.web.DefaultSecurityFilterChain [main] Creating filter chain: any request, [org.springframework.security.web.context.request.async.WebAsyncManagerIntegrationFilter@61808ecd, org.springframework.security.web.context.SecurityContextPersistenceFilter@5a3cf824, org.springframework.security.web.header.HeaderWriterFilter@70c491b8, org.springframework.security.web.csrf.CsrfFilter@3120495d, org.springframework.security.web.authentication.logout.LogoutFilter@7a1371, org.springframework.security.web.authentication.UsernamePasswordAuthenticationFilter@7ef41ca2, org.springframework.security.web.authentication.ui.DefaultLoginPageGeneratingFilter@1a0f349, org.springframework.security.web.authentication.ui.DefaultLogoutPageGeneratingFilter@7f1f60a0, org.springframework.security.web.authentication.www.BasicAuthenticationFilter@4fe8f2ae, org.springframework.security.web.savedrequest.RequestCacheAwareFilter@7c2b6acb, org.springframework.security.web.servletapi.SecurityContextHolderAwareRequestFilter@28367da7, org.springframework.security.web.authentication.AnonymousAuthenticationFilter@77ea806f, org.springframework.security.web.session.SessionManagementFilter@439d545c, org.springframework.security.web.access.ExceptionTranslationFilter@b75b890, org.springframework.security.web.access.intercept.FilterSecurityInterceptor@6def0632]
2021-05-24 23:01:37,341 INFO com.netflix.config.sources.URLConfigurationSource [main] URLs to be used as dynamic configuration source: [jar:file:/C:/Users/bruno/Desktop/Projetos/TCC/app-services/compras/compra-shared/build/libs/compra-shared-1.0-SNAPSHOT.jar!/config.properties]
2021-05-24 23:01:37,433 INFO org.springframework.scheduling.concurrent.ExecutorConfigurationSupport [main] Initializing ExecutorService 'applicationTaskExecutor'
2021-05-24 23:01:37,951 INFO org.springframework.cloud.netflix.eureka.InstanceInfoFactory [main] Setting initial instance status as: STARTING
2021-05-24 23:01:37,986 INFO com.netflix.discovery.DiscoveryClient [main] Initializing Eureka in region us-east-1
2021-05-24 23:01:38,033 INFO com.netflix.discovery.provider.DiscoveryJerseyProvider [main] Using JSON encoding codec LegacyJacksonJson
2021-05-24 23:01:38,034 INFO com.netflix.discovery.provider.DiscoveryJerseyProvider [main] Using JSON decoding codec LegacyJacksonJson
2021-05-24 23:01:38,146 INFO com.netflix.discovery.provider.DiscoveryJerseyProvider [main] Using XML encoding codec XStreamXml
2021-05-24 23:01:38,146 INFO com.netflix.discovery.provider.DiscoveryJerseyProvider [main] Using XML decoding codec XStreamXml
2021-05-24 23:01:38,266 INFO com.netflix.discovery.shared.resolver.aws.ConfigClusterResolver [main] Resolving eureka endpoints via configuration
2021-05-24 23:01:38,356 INFO com.netflix.discovery.DiscoveryClient [main] Disable delta property : false
2021-05-24 23:01:38,356 INFO com.netflix.discovery.DiscoveryClient [main] Single vip registry refresh property : null
2021-05-24 23:01:38,356 INFO com.netflix.discovery.DiscoveryClient [main] Force full registry fetch : false
2021-05-24 23:01:38,356 INFO com.netflix.discovery.DiscoveryClient [main] Application is null : false
2021-05-24 23:01:38,356 INFO com.netflix.discovery.DiscoveryClient [main] Registered Applications size is zero : true
2021-05-24 23:01:38,357 INFO com.netflix.discovery.DiscoveryClient [main] Application version is -1: true
2021-05-24 23:01:38,357 INFO com.netflix.discovery.DiscoveryClient [main] Getting all instance registry info from the eureka server
2021-05-24 23:01:38,640 INFO com.netflix.discovery.DiscoveryClient [main] The response status is 200
2021-05-24 23:01:38,642 INFO com.netflix.discovery.DiscoveryClient [main] Starting heartbeat executor: renew interval is: 2
2021-05-24 23:01:38,645 INFO com.netflix.discovery.InstanceInfoReplicator [main] InstanceInfoReplicator onDemand update allowed rate per min is 4
2021-05-24 23:01:38,648 INFO com.netflix.discovery.DiscoveryClient [main] Discovery Client initialized at timestamp 1621908098647 with initial instances count: 0
2021-05-24 23:01:38,650 INFO org.springframework.cloud.netflix.eureka.serviceregistry.EurekaServiceRegistry [main] Registering application COMPRAS-SERVICE with eureka with status UP
2021-05-24 23:01:38,651 INFO com.netflix.discovery.DiscoveryClient$3 [main] Saw local status change event StatusChangeEvent [timestamp=1621908098651, current=UP, previous=STARTING]
2021-05-24 23:01:38,652 INFO com.netflix.discovery.DiscoveryClient [DiscoveryClient-InstanceInfoReplicator-0] DiscoveryClient_COMPRAS-SERVICE/host.docker.internal:compras-service:8085: registering service...
2021-05-24 23:01:38,667 INFO org.apache.juli.logging.DirectJDKLog [main] Starting ProtocolHandler ["http-nio-8085"]
2021-05-24 23:01:38,688 INFO org.springframework.boot.web.embedded.tomcat.TomcatWebServer [main] Tomcat started on port(s): 8085 (http) with context path ''
2021-05-24 23:01:38,689 INFO org.springframework.cloud.netflix.eureka.serviceregistry.EurekaAutoServiceRegistration [main] Updating port to 8085
2021-05-24 23:01:38,755 INFO com.netflix.discovery.DiscoveryClient [DiscoveryClient-InstanceInfoReplicator-0] DiscoveryClient_COMPRAS-SERVICE/host.docker.internal:compras-service:8085 - registration status: 204
2021-05-24 23:01:38,784 INFO org.springframework.boot.StartupInfoLogger [main] Started ComprasApplication in 5.418 seconds (JVM running for 5.807)
2021-05-24 23:02:08,655 INFO com.netflix.discovery.DiscoveryClient [DiscoveryClient-CacheRefreshExecutor-0] Disable delta property : false
2021-05-24 23:02:08,655 INFO com.netflix.discovery.DiscoveryClient [DiscoveryClient-CacheRefreshExecutor-0] Single vip registry refresh property : null
2021-05-24 23:02:08,656 INFO com.netflix.discovery.DiscoveryClient [DiscoveryClient-CacheRefreshExecutor-0] Force full registry fetch : false
2021-05-24 23:02:08,656 INFO com.netflix.discovery.DiscoveryClient [DiscoveryClient-CacheRefreshExecutor-0] Application is null : false
2021-05-24 23:02:08,656 INFO com.netflix.discovery.DiscoveryClient [DiscoveryClient-CacheRefreshExecutor-0] Registered Applications size is zero : true
2021-05-24 23:02:08,656 INFO com.netflix.discovery.DiscoveryClient [DiscoveryClient-CacheRefreshExecutor-0] Application version is -1: false
2021-05-24 23:02:08,656 INFO com.netflix.discovery.DiscoveryClient [DiscoveryClient-CacheRefreshExecutor-0] Getting all instance registry info from the eureka server
2021-05-24 23:02:08,698 INFO com.netflix.discovery.DiscoveryClient [DiscoveryClient-CacheRefreshExecutor-0] The response status is 200
